<?xml version="1.0" encoding="UTF-8"?>
<!-- Generated by org.testng.reporters.JUnitReportReporter -->
<testsuite skipped="0" hostname="DESKTOP-BHNESJM" name="com.training.sanity.tests.RTTC33" tests="1" failures="0" timestamp="06 Jun 2019 05:16:06 GMT" time="79.739" errors="0">
  <testcase name="validLoginTest" time="79.739" classname="com.training.sanity.tests.RTTC33"/>
</testsuite> <!-- com.training.sanity.tests.RTTC33 -->
