<?xml version="1.0" encoding="UTF-8"?>
<!-- Generated by org.testng.reporters.JUnitReportReporter -->
<testsuite skipped="0" hostname="DESKTOP-BHNESJM" name="com.training.sanity.tests.RegisterUser" tests="1" failures="0" timestamp="30 May 2019 09:49:59 GMT" time="65.941" errors="0">
  <testcase name="validRegisterTest" time="65.941" classname="com.training.sanity.tests.RegisterUser"/>
</testsuite> <!-- com.training.sanity.tests.RegisterUser -->
