<?xml version="1.0" encoding="UTF-8"?>
<!-- Generated by org.testng.reporters.JUnitReportReporter -->
<testsuite skipped="0" hostname="DESKTOP-BHNESJM" name="com.training.sanity.tests.RTC004" tests="1" failures="0" timestamp="30 May 2019 10:00:10 GMT" time="44.693" errors="0">
  <testcase name="validViewOrderTest" time="44.693" classname="com.training.sanity.tests.RTC004"/>
</testsuite> <!-- com.training.sanity.tests.RTC004 -->
