<?xml version="1.0" encoding="UTF-8"?>
<!-- Generated by org.testng.reporters.JUnitReportReporter -->
<testsuite skipped="0" hostname="DESKTOP-BHNESJM" name="com.training.sanity.tests.RTTC32" tests="1" failures="0" timestamp="05 Jun 2019 11:44:55 GMT" time="62.536" errors="0">
  <testcase name="validLoginTest" time="62.536" classname="com.training.sanity.tests.RTTC32"/>
</testsuite> <!-- com.training.sanity.tests.RTTC32 -->
