<?xml version="1.0" encoding="UTF-8"?>
<!-- Generated by org.testng.reporters.JUnitReportReporter -->
<testsuite skipped="0" hostname="DESKTOP-BHNESJM" name="com.training.sanity.tests.RTC002" tests="1" failures="0" timestamp="30 May 2019 09:51:04 GMT" time="30.109" errors="0">
  <testcase name="validLoginTest" time="30.109" classname="com.training.sanity.tests.RTC002"/>
</testsuite> <!-- com.training.sanity.tests.RTC002 -->
