<?xml version="1.0" encoding="UTF-8"?>
<!-- Generated by org.testng.reporters.JUnitReportReporter -->
<testsuite skipped="0" hostname="DESKTOP-BHNESJM" name="com.training.sanity.tests.RTTC35" tests="1" failures="0" timestamp="14 Jun 2019 05:45:31 GMT" time="62.378" errors="0">
  <testcase name="validAddProductTest" time="62.378" classname="com.training.sanity.tests.RTTC35"/>
</testsuite> <!-- com.training.sanity.tests.RTTC35 -->
