<?xml version="1.0" encoding="UTF-8"?>
<!-- Generated by org.testng.reporters.JUnitReportReporter -->
<testsuite skipped="0" hostname="DESKTOP-BHNESJM" name="com.training.sanity.tests.RTC003" tests="1" failures="0" timestamp="30 May 2019 09:52:03 GMT" time="33.371" errors="0">
  <testcase name="validLoginTest" time="33.371" classname="com.training.sanity.tests.RTC003"/>
</testsuite> <!-- com.training.sanity.tests.RTC003 -->
