<?xml version="1.0" encoding="UTF-8"?>
<!-- Generated by org.testng.reporters.JUnitReportReporter -->
<testsuite skipped="0" hostname="DESKTOP-BHNESJM" name="com.training.sanity.tests.RTC31" tests="1" failures="0" timestamp="04 Jun 2019 10:05:22 GMT" time="29.608" errors="0">
  <testcase name="validLoginTest" time="29.608" classname="com.training.sanity.tests.RTC31"/>
</testsuite> <!-- com.training.sanity.tests.RTC31 -->
